# JRE version: OpenJDK Runtime Environment Microsoft-40648 (11.0.16.1+1) (build 11.0.16.1+1-LTS)
# Java VM: OpenJDK 64-Bit Server VM Microsoft-40648 (11.0.16.1+1-LTS, mixed mode, tiered, compressed oops, g1 gc, windows-amd64)
Heap:
 garbage-first heap   total 206848K, used 52597K [0x00000000a1400000, 0x0000000100000000)
  region size 1024K, 6 young (6144K), 6 survivors (6144K)
 Metaspace       used 10119K, capacity 10289K, committed 10496K, reserved 1058816K
  class space    used 939K, capacity 983K, committed 1024K, reserved 1048576K
GC Heap History (9 events):
Event: 0.238 GC heap before
{Heap before GC invocations=0 (full 0):
 garbage-first heap   total 98304K, used 22528K [0x00000000a1400000, 0x0000000100000000)
  region size 1024K, 14 young (14336K), 0 survivors (0K)
 Metaspace       used 4722K, capacity 4792K, committed 5120K, reserved 1056768K
  class space    used 396K, capacity 424K, committed 512K, reserved 1048576K
}
Event: 0.248 GC heap after
{Heap after GC invocations=1 (full 0):
 garbage-first heap   total 98304K, used 11564K [0x00000000a1400000, 0x0000000100000000)
  region size 1024K, 2 young (2048K), 2 survivors (2048K)
 Metaspace       used 4722K, capacity 4792K, committed 5120K, reserved 1056768K
  class space    used 396K, capacity 424K, committed 512K, reserved 1048576K
}
Event: 0.307 GC heap before
{Heap before GC invocations=1 (full 0):
 garbage-first heap   total 98304K, used 24876K [0x00000000a1400000, 0x0000000100000000)
  region size 1024K, 13 young (13312K), 2 survivors (2048K)
 Metaspace       used 4757K, capacity 4792K, committed 5120K, reserved 1056768K
  class space    used 397K, capacity 424K, committed 512K, reserved 1048576K
}
Event: 0.319 GC heap after
{Heap after GC invocations=2 (full 0):
 garbage-first heap   total 98304K, used 17742K [0x00000000a1400000, 0x0000000100000000)
  region size 1024K, 2 young (2048K), 2 survivors (2048K)
 Metaspace       used 4757K, capacity 4792K, committed 5120K, reserved 1056768K
  class space    used 397K, capacity 424K, committed 512K, reserved 1048576K
}
Event: 0.392 GC heap before
{Heap before GC invocations=2 (full 0):
 garbage-first heap   total 98304K, used 34126K [0x00000000a1400000, 0x0000000100000000)
  region size 1024K, 9 young (9216K), 2 survivors (2048K)
 Metaspace       used 5573K, capacity 5598K, committed 5888K, reserved 1056768K
  class space    used 444K, capacity 458K, committed 512K, reserved 1048576K
}
Event: 0.398 GC heap after
{Heap after GC invocations=3 (full 0):
 garbage-first heap   total 98304K, used 26101K [0x00000000a1400000, 0x0000000100000000)
  region size 1024K, 2 young (2048K), 2 survivors (2048K)
 Metaspace       used 5573K, capacity 5598K, committed 5888K, reserved 1056768K
  class space    used 444K, capacity 458K, committed 512K, reserved 1048576K
}
Event: 0.763 GC heap before
{Heap before GC invocations=3 (full 0):
 garbage-first heap   total 98304K, used 47605K [0x00000000a1400000, 0x0000000100000000)
  region size 1024K, 23 young (23552K), 2 survivors (2048K)
 Metaspace       used 8904K, capacity 9037K, committed 9344K, reserved 1058816K
  class space    used 773K, capacity 837K, committed 896K, reserved 1048576K
}
Event: 0.773 GC heap after
{Heap after GC invocations=4 (full 0):
 garbage-first heap   total 98304K, used 28168K [0x00000000a1400000, 0x0000000100000000)
  region size 1024K, 3 young (3072K), 3 survivors (3072K)
 Metaspace       used 8904K, capacity 9037K, committed 9344K, reserved 1058816K
  class space    used 773K, capacity 837K, committed 896K, reserved 1048576K
}
Event: 1.039 GC heap before
{Heap before GC invocations=4 (full 0):
 garbage-first heap   total 98304K, used 89608K [0x00000000a1400000, 0x0000000100000000)
  region size 1024K, 45 young (46080K), 3 survivors (3072K)
 Metaspace       used 10119K, capacity 10289K, committed 10496K, reserved 1058816K
  class space    used 939K, capacity 983K, committed 1024K, reserved 1048576K
}

