# JRE version: OpenJDK Runtime Environment Microsoft-40648 (11.0.16.1+1) (build 11.0.16.1+1-LTS)
# Java VM: OpenJDK 64-Bit Server VM Microsoft-40648 (11.0.16.1+1-LTS, mixed mode, tiered, compressed oops, g1 gc, windows-amd64)
Heap:
 garbage-first heap   total 461824K, used 105919K [0x00000000c0000000, 0x0000000100000000)
  region size 1024K, 11 young (11264K), 11 survivors (11264K)
 Metaspace       used 16823K, capacity 17133K, committed 17280K, reserved 1064960K
  class space    used 1712K, capacity 1863K, committed 1920K, reserved 1048576K
GC Heap History (20 events):
Event: 0.917 GC heap after
{Heap after GC invocations=3 (full 0):
 garbage-first heap   total 98304K, used 11237K [0x00000000c0000000, 0x0000000100000000)
  region size 1024K, 3 young (3072K), 3 survivors (3072K)
 Metaspace       used 11640K, capacity 11739K, committed 11904K, reserved 1060864K
  class space    used 1104K, capacity 1146K, committed 1152K, reserved 1048576K
}
Event: 1.015 GC heap before
{Heap before GC invocations=3 (full 0):
 garbage-first heap   total 98304K, used 49125K [0x00000000c0000000, 0x0000000100000000)
  region size 1024K, 40 young (40960K), 3 survivors (3072K)
 Metaspace       used 11660K, capacity 11803K, committed 11904K, reserved 1060864K
  class space    used 1106K, capacity 1146K, committed 1152K, reserved 1048576K
}
Event: 1.024 GC heap after
{Heap after GC invocations=4 (full 0):
 garbage-first heap   total 98304K, used 18969K [0x00000000c0000000, 0x0000000100000000)
  region size 1024K, 5 young (5120K), 5 survivors (5120K)
 Metaspace       used 11660K, capacity 11803K, committed 11904K, reserved 1060864K
  class space    used 1106K, capacity 1146K, committed 1152K, reserved 1048576K
}
Event: 1.109 GC heap before
{Heap before GC invocations=4 (full 0):
 garbage-first heap   total 98304K, used 54809K [0x00000000c0000000, 0x0000000100000000)
  region size 1024K, 40 young (40960K), 5 survivors (5120K)
 Metaspace       used 11666K, capacity 11803K, committed 11904K, reserved 1060864K
  class space    used 1106K, capacity 1146K, committed 1152K, reserved 1048576K
}
Event: 1.117 GC heap after
{Heap after GC invocations=5 (full 0):
 garbage-first heap   total 122880K, used 27026K [0x00000000c0000000, 0x0000000100000000)
  region size 1024K, 5 young (5120K), 5 survivors (5120K)
 Metaspace       used 11666K, capacity 11803K, committed 11904K, reserved 1060864K
  class space    used 1106K, capacity 1146K, committed 1152K, reserved 1048576K
}
Event: 1.554 GC heap before
{Heap before GC invocations=5 (full 0):
 garbage-first heap   total 122880K, used 67986K [0x00000000c0000000, 0x0000000100000000)
  region size 1024K, 45 young (46080K), 5 survivors (5120K)
 Metaspace       used 13446K, capacity 13668K, committed 13696K, reserved 1060864K
  class space    used 1297K, capacity 1390K, committed 1408K, reserved 1048576K
}
Event: 1.587 GC heap after
{Heap after GC invocations=6 (full 0):
 garbage-first heap   total 122880K, used 37888K [0x00000000c0000000, 0x0000000100000000)
  region size 1024K, 6 young (6144K), 6 survivors (6144K)
 Metaspace       used 13446K, capacity 13668K, committed 13696K, reserved 1060864K
  class space    used 1297K, capacity 1390K, committed 1408K, reserved 1048576K
}
Event: 1.780 GC heap before
{Heap before GC invocations=6 (full 0):
 garbage-first heap   total 122880K, used 77824K [0x00000000c0000000, 0x0000000100000000)
  region size 1024K, 45 young (46080K), 6 survivors (6144K)
 Metaspace       used 13518K, capacity 13736K, committed 13952K, reserved 1062912K
  class space    used 1299K, capacity 1390K, committed 1408K, reserved 1048576K
}
Event: 1.833 GC heap after
{Heap after GC invocations=7 (full 0):
 garbage-first heap   total 122880K, used 48128K [0x00000000c0000000, 0x0000000100000000)
  region size 1024K, 6 young (6144K), 6 survivors (6144K)
 Metaspace       used 13518K, capacity 13736K, committed 13952K, reserved 1062912K
  class space    used 1299K, capacity 1390K, committed 1408K, reserved 1048576K
}
Event: 1.900 GC heap before
{Heap before GC invocations=7 (full 0):
 garbage-first heap   total 122880K, used 68608K [0x00000000c0000000, 0x0000000100000000)
  region size 1024K, 27 young (27648K), 6 survivors (6144K)
 Metaspace       used 13526K, capacity 13736K, committed 13952K, reserved 1062912K
  class space    used 1299K, capacity 1390K, committed 1408K, reserved 1048576K
}
Event: 1.951 GC heap after
{Heap after GC invocations=8 (full 0):
 garbage-first heap   total 122880K, used 53760K [0x00000000c0000000, 0x0000000100000000)
  region size 1024K, 4 young (4096K), 4 survivors (4096K)
 Metaspace       used 13526K, capacity 13736K, committed 13952K, reserved 1062912K
  class space    used 1299K, capacity 1390K, committed 1408K, reserved 1048576K
}
Event: 2.044 GC heap before
{Heap before GC invocations=8 (full 0):
 garbage-first heap   total 122880K, used 82432K [0x00000000c0000000, 0x0000000100000000)
  region size 1024K, 33 young (33792K), 4 survivors (4096K)
 Metaspace       used 13536K, capacity 13739K, committed 13952K, reserved 1062912K
  class space    used 1299K, capacity 1390K, committed 1408K, reserved 1048576K
}
Event: 2.084 GC heap after
{Heap after GC invocations=9 (full 0):
 garbage-first heap   total 271360K, used 60928K [0x00000000c0000000, 0x0000000100000000)
  region size 1024K, 5 young (5120K), 5 survivors (5120K)
 Metaspace       used 13536K, capacity 13739K, committed 13952K, reserved 1062912K
  class space    used 1299K, capacity 1390K, committed 1408K, reserved 1048576K
}
Event: 2.551 GC heap before
{Heap before GC invocations=9 (full 0):
 garbage-first heap   total 271360K, used 100864K [0x00000000c0000000, 0x0000000100000000)
  region size 1024K, 44 young (45056K), 5 survivors (5120K)
 Metaspace       used 15062K, capacity 15277K, committed 15488K, reserved 1062912K
  class space    used 1510K, capacity 1625K, committed 1664K, reserved 1048576K
}
Event: 2.622 GC heap after
{Heap after GC invocations=10 (full 0):
 garbage-first heap   total 271360K, used 68461K [0x00000000c0000000, 0x0000000100000000)
  region size 1024K, 6 young (6144K), 6 survivors (6144K)
 Metaspace       used 15062K, capacity 15277K, committed 15488K, reserved 1062912K
  class space    used 1510K, capacity 1625K, committed 1664K, reserved 1048576K
}
Event: 2.828 GC heap before
{Heap before GC invocations=10 (full 0):
 garbage-first heap   total 271360K, used 119661K [0x00000000c0000000, 0x0000000100000000)
  region size 1024K, 56 young (57344K), 6 survivors (6144K)
 Metaspace       used 15078K, capacity 15342K, committed 15488K, reserved 1062912K
  class space    used 1510K, capacity 1625K, committed 1664K, reserved 1048576K
}
Event: 2.859 GC heap after
{Heap after GC invocations=11 (full 0):
 garbage-first heap   total 271360K, used 78723K [0x00000000c0000000, 0x0000000100000000)
  region size 1024K, 7 young (7168K), 7 survivors (7168K)
 Metaspace       used 15078K, capacity 15342K, committed 15488K, reserved 1062912K
  class space    used 1510K, capacity 1625K, committed 1664K, reserved 1048576K
}
Event: 3.027 GC heap before
{Heap before GC invocations=11 (full 0):
 garbage-first heap   total 271360K, used 146307K [0x00000000c0000000, 0x0000000100000000)
  region size 1024K, 73 young (74752K), 7 survivors (7168K)
 Metaspace       used 15081K, capacity 15342K, committed 15488K, reserved 1062912K
  class space    used 1510K, capacity 1625K, committed 1664K, reserved 1048576K
}
Event: 3.067 GC heap after
{Heap after GC invocations=12 (full 0):
 garbage-first heap   total 271360K, used 91539K [0x00000000c0000000, 0x0000000100000000)
  region size 1024K, 10 young (10240K), 10 survivors (10240K)
 Metaspace       used 15081K, capacity 15342K, committed 15488K, reserved 1062912K
  class space    used 1510K, capacity 1625K, committed 1664K, reserved 1048576K
}
Event: 3.485 GC heap before
{Heap before GC invocations=12 (full 0):
 garbage-first heap   total 271360K, used 169363K [0x00000000c0000000, 0x0000000100000000)
  region size 1024K, 86 young (88064K), 10 survivors (10240K)
 Metaspace       used 16823K, capacity 17133K, committed 17280K, reserved 1064960K
  class space    used 1712K, capacity 1863K, committed 1920K, reserved 1048576K
}

