# JRE version: OpenJDK Runtime Environment Microsoft-40648 (11.0.16.1+1) (build 11.0.16.1+1-LTS)
# Java VM: OpenJDK 64-Bit Server VM Microsoft-40648 (11.0.16.1+1-LTS, mixed mode, tiered, compressed oops, g1 gc, windows-amd64)
Heap:
 garbage-first heap   total 242688K, used 50688K [0x00000000c0000000, 0x0000000100000000)
  region size 1024K, 2 young (2048K), 2 survivors (2048K)
 Metaspace       used 13549K, capacity 13740K, committed 13952K, reserved 1062912K
  class space    used 1300K, capacity 1392K, committed 1408K, reserved 1048576K
GC Heap History (17 events):
Event: 0.471 GC heap before
{Heap before GC invocations=0 (full 0):
 garbage-first heap   total 98304K, used 19456K [0x00000000c0000000, 0x0000000100000000)
  region size 1024K, 14 young (14336K), 0 survivors (0K)
 Metaspace       used 8647K, capacity 8766K, committed 9088K, reserved 1056768K
  class space    used 765K, capacity 792K, committed 896K, reserved 1048576K
}
Event: 0.479 GC heap after
{Heap after GC invocations=1 (full 0):
 garbage-first heap   total 98304K, used 4236K [0x00000000c0000000, 0x0000000100000000)
  region size 1024K, 2 young (2048K), 2 survivors (2048K)
 Metaspace       used 8647K, capacity 8766K, committed 9088K, reserved 1056768K
  class space    used 765K, capacity 792K, committed 896K, reserved 1048576K
}
Event: 0.702 GC heap before
{Heap before GC invocations=1 (full 0):
 garbage-first heap   total 98304K, used 14476K [0x00000000c0000000, 0x0000000100000000)
  region size 1024K, 10 young (10240K), 2 survivors (2048K)
 Metaspace       used 10530K, capacity 10701K, committed 10880K, reserved 1058816K
  class space    used 989K, capacity 1033K, committed 1152K, reserved 1048576K
}
Event: 0.708 GC heap after
{Heap after GC invocations=2 (full 0):
 garbage-first heap   total 98304K, used 7764K [0x00000000c0000000, 0x0000000100000000)
  region size 1024K, 2 young (2048K), 2 survivors (2048K)
 Metaspace       used 10530K, capacity 10701K, committed 10880K, reserved 1058816K
  class space    used 989K, capacity 1033K, committed 1152K, reserved 1048576K
}
Event: 0.944 GC heap before
{Heap before GC invocations=2 (full 0):
 garbage-first heap   total 98304K, used 29268K [0x00000000c0000000, 0x0000000100000000)
  region size 1024K, 17 young (17408K), 2 survivors (2048K)
 Metaspace       used 11666K, capacity 11803K, committed 11904K, reserved 1060864K
  class space    used 1103K, capacity 1146K, committed 1152K, reserved 1048576K
}
Event: 0.951 GC heap after
{Heap after GC invocations=3 (full 0):
 garbage-first heap   total 98304K, used 10906K [0x00000000c0000000, 0x0000000100000000)
  region size 1024K, 3 young (3072K), 3 survivors (3072K)
 Metaspace       used 11666K, capacity 11803K, committed 11904K, reserved 1060864K
  class space    used 1103K, capacity 1146K, committed 1152K, reserved 1048576K
}
Event: 0.999 GC heap before
{Heap before GC invocations=3 (full 0):
 garbage-first heap   total 98304K, used 29338K [0x00000000c0000000, 0x0000000100000000)
  region size 1024K, 21 young (21504K), 3 survivors (3072K)
 Metaspace       used 11686K, capacity 11867K, committed 11904K, reserved 1060864K
  class space    used 1104K, capacity 1146K, committed 1152K, reserved 1048576K
}
Event: 1.006 GC heap after
{Heap after GC invocations=4 (full 0):
 garbage-first heap   total 98304K, used 14925K [0x00000000c0000000, 0x0000000100000000)
  region size 1024K, 3 young (3072K), 3 survivors (3072K)
 Metaspace       used 11686K, capacity 11867K, committed 11904K, reserved 1060864K
  class space    used 1104K, capacity 1146K, committed 1152K, reserved 1048576K
}
Event: 1.080 GC heap before
{Heap before GC invocations=4 (full 0):
 garbage-first heap   total 98304K, used 38477K [0x00000000c0000000, 0x0000000100000000)
  region size 1024K, 27 young (27648K), 3 survivors (3072K)
 Metaspace       used 11689K, capacity 11867K, committed 11904K, reserved 1060864K
  class space    used 1104K, capacity 1146K, committed 1152K, reserved 1048576K
}
Event: 1.085 GC heap after
{Heap after GC invocations=5 (full 0):
 garbage-first heap   total 119808K, used 20363K [0x00000000c0000000, 0x0000000100000000)
  region size 1024K, 4 young (4096K), 4 survivors (4096K)
 Metaspace       used 11689K, capacity 11867K, committed 11904K, reserved 1060864K
  class space    used 1104K, capacity 1146K, committed 1152K, reserved 1048576K
}
Event: 1.190 GC heap before
{Heap before GC invocations=5 (full 0):
 garbage-first heap   total 119808K, used 55179K [0x00000000c0000000, 0x0000000100000000)
  region size 1024K, 38 young (38912K), 4 survivors (4096K)
 Metaspace       used 11693K, capacity 11867K, committed 11904K, reserved 1060864K
  class space    used 1104K, capacity 1146K, committed 1152K, reserved 1048576K
}
Event: 1.194 GC heap after
{Heap after GC invocations=6 (full 0):
 garbage-first heap   total 119808K, used 28039K [0x00000000c0000000, 0x0000000100000000)
  region size 1024K, 5 young (5120K), 5 survivors (5120K)
 Metaspace       used 11693K, capacity 11867K, committed 11904K, reserved 1060864K
  class space    used 1104K, capacity 1146K, committed 1152K, reserved 1048576K
}
Event: 1.635 GC heap before
{Heap before GC invocations=6 (full 0):
 garbage-first heap   total 119808K, used 66951K [0x00000000c0000000, 0x0000000100000000)
  region size 1024K, 43 young (44032K), 5 survivors (5120K)
 Metaspace       used 13507K, capacity 13673K, committed 13696K, reserved 1060864K
  class space    used 1299K, capacity 1392K, committed 1408K, reserved 1048576K
}
Event: 1.671 GC heap after
{Heap after GC invocations=7 (full 0):
 garbage-first heap   total 119808K, used 38912K [0x00000000c0000000, 0x0000000100000000)
  region size 1024K, 6 young (6144K), 6 survivors (6144K)
 Metaspace       used 13507K, capacity 13673K, committed 13696K, reserved 1060864K
  class space    used 1299K, capacity 1392K, committed 1408K, reserved 1048576K
}
Event: 1.840 GC heap before
{Heap before GC invocations=7 (full 0):
 garbage-first heap   total 119808K, used 75776K [0x00000000c0000000, 0x0000000100000000)
  region size 1024K, 42 young (43008K), 6 survivors (6144K)
 Metaspace       used 13546K, capacity 13740K, committed 13952K, reserved 1062912K
  class space    used 1300K, capacity 1392K, committed 1408K, reserved 1048576K
}
Event: 1.905 GC heap after
{Heap after GC invocations=8 (full 0):
 garbage-first heap   total 119808K, used 48128K [0x00000000c0000000, 0x0000000100000000)
  region size 1024K, 6 young (6144K), 6 survivors (6144K)
 Metaspace       used 13546K, capacity 13740K, committed 13952K, reserved 1062912K
  class space    used 1300K, capacity 1392K, committed 1408K, reserved 1048576K
}
Event: 1.928 GC heap before
{Heap before GC invocations=8 (full 0):
 garbage-first heap   total 119808K, used 52224K [0x00000000c0000000, 0x0000000100000000)
  region size 1024K, 10 young (10240K), 6 survivors (6144K)
 Metaspace       used 13549K, capacity 13740K, committed 13952K, reserved 1062912K
  class space    used 1300K, capacity 1392K, committed 1408K, reserved 1048576K
}

