# JRE version: OpenJDK Runtime Environment Microsoft-40648 (11.0.16.1+1) (build 11.0.16.1+1-LTS)
# Java VM: OpenJDK 64-Bit Server VM Microsoft-40648 (11.0.16.1+1-LTS, mixed mode, tiered, compressed oops, g1 gc, windows-amd64)
Heap:
 garbage-first heap   total 446464K, used 88448K [0x00000000c0000000, 0x0000000100000000)
  region size 1024K, 10 young (10240K), 10 survivors (10240K)
 Metaspace       used 15125K, capacity 15410K, committed 15488K, reserved 1062912K
  class space    used 1511K, capacity 1627K, committed 1664K, reserved 1048576K
GC Heap History (20 events):
Event: 0.884 GC heap after
{Heap after GC invocations=3 (full 0):
 garbage-first heap   total 98304K, used 11414K [0x00000000c0000000, 0x0000000100000000)
  region size 1024K, 3 young (3072K), 3 survivors (3072K)
 Metaspace       used 11660K, capacity 11739K, committed 11904K, reserved 1060864K
  class space    used 1105K, capacity 1146K, committed 1152K, reserved 1048576K
}
Event: 0.921 GC heap before
{Heap before GC invocations=3 (full 0):
 garbage-first heap   total 98304K, used 28822K [0x00000000c0000000, 0x0000000100000000)
  region size 1024K, 20 young (20480K), 3 survivors (3072K)
 Metaspace       used 11678K, capacity 11867K, committed 11904K, reserved 1060864K
  class space    used 1106K, capacity 1146K, committed 1152K, reserved 1048576K
}
Event: 0.927 GC heap after
{Heap after GC invocations=4 (full 0):
 garbage-first heap   total 98304K, used 15154K [0x00000000c0000000, 0x0000000100000000)
  region size 1024K, 3 young (3072K), 3 survivors (3072K)
 Metaspace       used 11678K, capacity 11867K, committed 11904K, reserved 1060864K
  class space    used 1106K, capacity 1146K, committed 1152K, reserved 1048576K
}
Event: 0.986 GC heap before
{Heap before GC invocations=4 (full 0):
 garbage-first heap   total 98304K, used 37682K [0x00000000c0000000, 0x0000000100000000)
  region size 1024K, 26 young (26624K), 3 survivors (3072K)
 Metaspace       used 11681K, capacity 11867K, committed 11904K, reserved 1060864K
  class space    used 1106K, capacity 1146K, committed 1152K, reserved 1048576K
}
Event: 0.991 GC heap after
{Heap after GC invocations=5 (full 0):
 garbage-first heap   total 118784K, used 20027K [0x00000000c0000000, 0x0000000100000000)
  region size 1024K, 4 young (4096K), 4 survivors (4096K)
 Metaspace       used 11681K, capacity 11867K, committed 11904K, reserved 1060864K
  class space    used 1106K, capacity 1146K, committed 1152K, reserved 1048576K
}
Event: 1.081 GC heap before
{Heap before GC invocations=5 (full 0):
 garbage-first heap   total 118784K, used 53819K [0x00000000c0000000, 0x0000000100000000)
  region size 1024K, 37 young (37888K), 4 survivors (4096K)
 Metaspace       used 11684K, capacity 11867K, committed 11904K, reserved 1060864K
  class space    used 1106K, capacity 1146K, committed 1152K, reserved 1048576K
}
Event: 1.086 GC heap after
{Heap after GC invocations=6 (full 0):
 garbage-first heap   total 118784K, used 27648K [0x00000000c0000000, 0x0000000100000000)
  region size 1024K, 5 young (5120K), 5 survivors (5120K)
 Metaspace       used 11684K, capacity 11867K, committed 11904K, reserved 1060864K
  class space    used 1106K, capacity 1146K, committed 1152K, reserved 1048576K
}
Event: 1.495 GC heap before
{Heap before GC invocations=6 (full 0):
 garbage-first heap   total 118784K, used 65536K [0x00000000c0000000, 0x0000000100000000)
  region size 1024K, 42 young (43008K), 5 survivors (5120K)
 Metaspace       used 13393K, capacity 13588K, committed 13696K, reserved 1060864K
  class space    used 1287K, capacity 1385K, committed 1408K, reserved 1048576K
}
Event: 1.527 GC heap after
{Heap after GC invocations=7 (full 0):
 garbage-first heap   total 118784K, used 37888K [0x00000000c0000000, 0x0000000100000000)
  region size 1024K, 6 young (6144K), 6 survivors (6144K)
 Metaspace       used 13393K, capacity 13588K, committed 13696K, reserved 1060864K
  class space    used 1287K, capacity 1385K, committed 1408K, reserved 1048576K
}
Event: 1.611 GC heap before
{Heap before GC invocations=7 (full 0):
 garbage-first heap   total 118784K, used 50176K [0x00000000c0000000, 0x0000000100000000)
  region size 1024K, 18 young (18432K), 6 survivors (6144K)
 Metaspace       used 13522K, capacity 13738K, committed 13952K, reserved 1062912K
  class space    used 1300K, capacity 1392K, committed 1408K, reserved 1048576K
}
Event: 1.640 GC heap after
{Heap after GC invocations=8 (full 0):
 garbage-first heap   total 118784K, used 41472K [0x00000000c0000000, 0x0000000100000000)
  region size 1024K, 3 young (3072K), 3 survivors (3072K)
 Metaspace       used 13522K, capacity 13738K, committed 13952K, reserved 1062912K
  class space    used 1300K, capacity 1392K, committed 1408K, reserved 1048576K
}
Event: 1.789 GC heap before
{Heap before GC invocations=8 (full 0):
 garbage-first heap   total 118784K, used 72192K [0x00000000c0000000, 0x0000000100000000)
  region size 1024K, 33 young (33792K), 3 survivors (3072K)
 Metaspace       used 13544K, capacity 13741K, committed 13952K, reserved 1062912K
  class space    used 1300K, capacity 1392K, committed 1408K, reserved 1048576K
}
Event: 1.825 GC heap after
{Heap after GC invocations=9 (full 0):
 garbage-first heap   total 237568K, used 49152K [0x00000000c0000000, 0x0000000100000000)
  region size 1024K, 5 young (5120K), 5 survivors (5120K)
 Metaspace       used 13544K, capacity 13741K, committed 13952K, reserved 1062912K
  class space    used 1300K, capacity 1392K, committed 1408K, reserved 1048576K
}
Event: 1.922 GC heap before
{Heap before GC invocations=9 (full 0):
 garbage-first heap   total 237568K, used 72704K [0x00000000c0000000, 0x0000000100000000)
  region size 1024K, 29 young (29696K), 5 survivors (5120K)
 Metaspace       used 13556K, capacity 13743K, committed 13952K, reserved 1062912K
  class space    used 1300K, capacity 1392K, committed 1408K, reserved 1048576K
}
Event: 1.964 GC heap after
{Heap after GC invocations=10 (full 0):
 garbage-first heap   total 237568K, used 55296K [0x00000000c0000000, 0x0000000100000000)
  region size 1024K, 4 young (4096K), 4 survivors (4096K)
 Metaspace       used 13556K, capacity 13743K, committed 13952K, reserved 1062912K
  class space    used 1300K, capacity 1392K, committed 1408K, reserved 1048576K
}
Event: 2.232 GC heap before
{Heap before GC invocations=10 (full 0):
 garbage-first heap   total 237568K, used 89088K [0x00000000c0000000, 0x0000000100000000)
  region size 1024K, 37 young (37888K), 4 survivors (4096K)
 Metaspace       used 14711K, capacity 14948K, committed 15232K, reserved 1062912K
  class space    used 1468K, capacity 1560K, committed 1664K, reserved 1048576K
}
Event: 2.261 GC heap after
{Heap after GC invocations=11 (full 0):
 garbage-first heap   total 237568K, used 62790K [0x00000000c0000000, 0x0000000100000000)
  region size 1024K, 5 young (5120K), 5 survivors (5120K)
 Metaspace       used 14711K, capacity 14948K, committed 15232K, reserved 1062912K
  class space    used 1468K, capacity 1560K, committed 1664K, reserved 1048576K
}
Event: 2.629 GC heap before
{Heap before GC invocations=11 (full 0):
 garbage-first heap   total 237568K, used 122182K [0x00000000c0000000, 0x0000000100000000)
  region size 1024K, 63 young (64512K), 5 survivors (5120K)
 Metaspace       used 15122K, capacity 15346K, committed 15488K, reserved 1062912K
  class space    used 1511K, capacity 1627K, committed 1664K, reserved 1048576K
}
Event: 2.669 GC heap after
{Heap after GC invocations=12 (full 0):
 garbage-first heap   total 237568K, used 74752K [0x00000000c0000000, 0x0000000100000000)
  region size 1024K, 8 young (8192K), 8 survivors (8192K)
 Metaspace       used 15122K, capacity 15346K, committed 15488K, reserved 1062912K
  class space    used 1511K, capacity 1627K, committed 1664K, reserved 1048576K
}
Event: 2.842 GC heap before
{Heap before GC invocations=12 (full 0):
 garbage-first heap   total 237568K, used 141312K [0x00000000c0000000, 0x0000000100000000)
  region size 1024K, 73 young (74752K), 8 survivors (8192K)
 Metaspace       used 15125K, capacity 15410K, committed 15488K, reserved 1062912K
  class space    used 1511K, capacity 1627K, committed 1664K, reserved 1048576K
}

